<?xml version="1.0" encoding="UTF-8"?>
<!-- Generated by org.testng.reporters.JUnitReportReporter -->
<testsuite hostname="DESKTOP-RT1RM8J" failures="0" tests="2" name="day16.MySecondTest" time="0.007" errors="0" timestamp="2022-03-26T08:44:07 IST" skipped="0">
  <testcase classname="day16.MySecondTest" name="f" time="0.005"/>
  <system-out/>
  <testcase classname="day16.MySecondTest" name="f" time="0.002"/>
  <system-out/>
</testsuite> <!-- day16.MySecondTest -->
