<?xml version="1.0" encoding="UTF-8"?>
<!-- Generated by org.testng.reporters.JUnitReportReporter -->
<testsuite hostname="DESKTOP-RT1RM8J" failures="0" tests="3" name="day18.DDT" time="0.039" errors="0" timestamp="2022-03-27T08:56:18 IST" skipped="0">
  <testcase classname="day18.DDT" name="logins" time="0.004"/>
  <system-out/>
  <testcase classname="day18.DDT" name="logins" time="0.027"/>
  <system-out/>
  <testcase classname="day18.DDT" name="logins" time="0.008"/>
  <system-out/>
</testsuite> <!-- day18.DDT -->
