<?xml version="1.0" encoding="UTF-8"?>
<!-- Generated by org.testng.reporters.JUnitReportReporter -->
<testsuite hostname="DESKTOP-RT1RM8J" failures="0" tests="1" name="day18.ReadConfig3" time="0.026" errors="0" timestamp="2022-03-27T08:45:20 IST" skipped="0">
  <testcase classname="day18.ReadConfig3" name="readData" time="0.026"/>
  <system-out/>
</testsuite> <!-- day18.ReadConfig3 -->
