<?xml version="1.0" encoding="UTF-8"?>
<!-- Generated by org.testng.reporters.JUnitReportReporter -->
<testsuite hostname="DESKTOP-RT1RM8J" failures="0" tests="4" name="day17.ParameterDemo" time="0.173" errors="0" timestamp="2022-03-26T09:33:47 IST" skipped="0">
  <testcase classname="day17.ParameterDemo" name="startBrowser" time="0.044"/>
  <system-out/>
  <testcase classname="day17.ParameterDemo" name="startBrowser" time="0.048"/>
  <system-out/>
  <testcase classname="day17.ParameterDemo" name="startBrowser" time="0.040"/>
  <system-out/>
  <testcase classname="day17.ParameterDemo" name="startBrowser" time="0.041"/>
  <system-out/>
</testsuite> <!-- day17.ParameterDemo -->
