<?xml version="1.0" encoding="UTF-8"?>
<!-- Generated by org.testng.reporters.JUnitReportReporter -->
<testsuite hostname="DESKTOP-RT1RM8J" failures="0" tests="3" name="day16.MyThirdTest" time="0.022" errors="0" timestamp="2022-03-26T08:44:07 IST" skipped="0">
  <testcase classname="day16.MyThirdTest" name="loginToApplication" time="0.015"/>
  <system-out/>
  <testcase classname="day16.MyThirdTest" name="addToCart" time="0.003"/>
  <system-out/>
  <testcase classname="day16.MyThirdTest" name="logout" time="0.004"/>
  <system-out/>
</testsuite> <!-- day16.MyThirdTest -->
