<?xml version="1.0" encoding="UTF-8"?>
<!-- Generated by org.testng.reporters.JUnitReportReporter -->
<testsuite hostname="DESKTOP-RT1RM8J" failures="0" tests="2" name="day18.DIffAnnotationDemo" time="0.037" errors="0" timestamp="2022-03-27T08:04:09 IST" skipped="0">
  <testcase classname="day18.DIffAnnotationDemo" name="myTest2" time="0.009"/>
  <system-out/>
  <testcase classname="day18.DIffAnnotationDemo" name="myTest1" time="0.028"/>
  <system-out/>
</testsuite> <!-- day18.DIffAnnotationDemo -->
