<?xml version="1.0" encoding="UTF-8"?>
<!-- Generated by org.testng.reporters.JUnitReportReporter -->
<testsuite hostname="DESKTOP-RT1RM8J" failures="0" tests="2" name="day18.DIffAnnotationDemo2" time="0.017" errors="0" timestamp="2022-03-27T08:04:09 IST" skipped="0">
  <testcase classname="day18.DIffAnnotationDemo2" name="myTest4" time="0.010"/>
  <system-out/>
  <testcase classname="day18.DIffAnnotationDemo2" name="myTest3" time="0.007"/>
  <system-out/>
</testsuite> <!-- day18.DIffAnnotationDemo2 -->
