<?xml version="1.0" encoding="UTF-8"?>
<!-- Generated by org.testng.reporters.JUnitReportReporter -->
<testsuite hostname="DESKTOP-RT1RM8J" failures="0" tests="3" name="day16.MyFirstTestNG" time="0.005" errors="0" timestamp="2022-03-26T08:44:07 IST" skipped="0">
  <testcase classname="day16.MyFirstTestNG" name="test2" time="0.002"/>
  <system-out/>
  <testcase classname="day16.MyFirstTestNG" name="test1" time="0.002"/>
  <system-out/>
  <testcase classname="day16.MyFirstTestNG" name="test3" time="0.001"/>
  <system-out/>
</testsuite> <!-- day16.MyFirstTestNG -->
