<?xml version="1.0" encoding="UTF-8"?>
<!-- Generated by org.testng.reporters.JUnitReportReporter -->
<testsuite hostname="DESKTOP-RT1RM8J" failures="0" tests="6" name="day17.LoginApplication" time="40.355" errors="0" timestamp="2022-03-26T10:12:16 IST" skipped="0">
  <testcase classname="day17.LoginApplication" name="loginApplication" time="5.143"/>
  <system-out/>
  <testcase classname="day17.LoginApplication" name="loginApplication" time="4.052"/>
  <system-out/>
  <testcase classname="day17.LoginApplication" name="loginApplication" time="5.503"/>
  <system-out/>
  <testcase classname="day17.LoginApplication" name="logOut" time="22.839"/>
  <system-out/>
  <testcase classname="day17.LoginApplication" name="logOut" time="1.586"/>
  <system-out/>
  <testcase classname="day17.LoginApplication" name="logOut" time="1.232"/>
  <system-out/>
</testsuite> <!-- day17.LoginApplication -->
