<?xml version="1.0" encoding="UTF-8"?>
<!-- Generated by org.testng.reporters.JUnitReportReporter -->
<testsuite hostname="DESKTOP-RT1RM8J" failures="0" tests="2" name="day16.SeleniumWithTestNG3" time="13.443" errors="0" timestamp="2022-03-26T09:08:11 IST" skipped="0">
  <testcase classname="day16.SeleniumWithTestNG3" name="loginApplication" time="8.674"/>
  <system-out/>
  <testcase classname="day16.SeleniumWithTestNG3" name="logOut" time="4.769"/>
  <system-out/>
</testsuite> <!-- day16.SeleniumWithTestNG3 -->
